{\rtf1\ansi\ansicpg1251\deff0\deflang1049{\fonttbl{\f0\fnil\fcharset204 Microsoft Sans Serif;}}
\viewkind4\uc1\pard\f0\fs17 0 >> Started!\par
1 >> Timer 1\par
4 >> Timer 2\par
4 seconds >> UAH: 0,08757579 BTC: 0,00969441 \par
7 >> Timer 3\par
9 >> Timer 4\par
11 >> Timer 5\par
13 >> Timer 6\par
13 seconds >> \'d1\'ee\'e7\'e4\'e0\'ed\'e0 \'e7\'e0\'ff\'e2\'ea\'e0 \'ed\'e0 \'ef\'f0\'ee\'e4\'e0\'e6\'f3: 5348887 290000\par
16 >> Timer 7\par
19 >> Timer 8\par
21 >> Timer 9\par
23 >> Timer 10\par
26 >> Timer 1\par
29 >> Timer 2\par
29 seconds >> UAH: 0,08757579 BTC: 0,009694416 \par
31 >> Timer 3\par
33 >> Timer 4\par
35 >> Timer 5\par
38 >> Timer 6\par
40 >> Timer 7\par
42 >> Timer 8\par
44 >> Timer 9\par
47 >> Timer 10\par
50 >> Timer 1\par
53 >> Timer 2\par
53 seconds >> UAH: 0,08757579 BTC: 0,009694416 \par
56 >> Timer 3\par
58 >> Timer 4\par
60 >> Timer 5\par
60 >> Step 5 Smt wrong\par
62 >> Timer 5\par
64 >> Timer 6\par
64 seconds >> \'d3\'e4\'e0\'eb\'e5\'ed\'e0 \'f1\'f2\'e0\'f0\'e0\'ff \'f1\'e4\'e5\'eb\'ea\'e0 \'ed\'e0 \'ef\'f0\'ee\'e4\'e0\'e6\'f3: \{"status": true\} \par
66 >> Timer 6\par
66 seconds >> \'d1\'ee\'e7\'e4\'e0\'ed\'e0 \'e7\'e0\'ff\'e2\'ea\'e0 \'ed\'e0 \'ef\'f0\'ee\'e4\'e0\'e6\'f3: 5460945 289998\par
64 seconds >> \'d1\'ee\'e7\'e4\'e0\'ed\'e0 \'e7\'e0\'ff\'e2\'ea\'e0 \'ed\'e0 \'ef\'f0\'ee\'e4\'e0\'e6\'f3: 5460973 289998\par
68 >> Timer 7\par
68 >> Step 7 Smt wrong\par
70 >> Timer 7\par
72 >> Timer 8\par
74 >> Timer 9\par
77 >> Timer 10\par
80 >> Timer 1\par
83 >> Timer 2\par
83 seconds >> UAH: 0,08757579 BTC: 0,009694414 \par
86 >> Timer 3\par
88 >> Timer 4\par
90 >> Timer 5\par
92 >> Timer 6\par
92 seconds >> \'d3\'e4\'e0\'eb\'e5\'ed\'e0 \'f1\'f2\'e0\'f0\'e0\'ff \'f1\'e4\'e5\'eb\'ea\'e0 \'ed\'e0 \'ef\'f0\'ee\'e4\'e0\'e6\'f3: \{"status": true\} \par
92 seconds >> \'d3\'e4\'e0\'eb\'e5\'ed\'e0 \'f1\'f2\'e0\'f0\'e0\'ff \'f1\'e4\'e5\'eb\'ea\'e0 \'ed\'e0 \'ef\'f0\'ee\'e4\'e0\'e6\'f3: \{"status": true\} \par
92 seconds >> \'d1\'ee\'e7\'e4\'e0\'ed\'e0 \'e7\'e0\'ff\'e2\'ea\'e0 \'ed\'e0 \'ef\'f0\'ee\'e4\'e0\'e6\'f3: 5460976 289997\par
95 >> Timer 7\par
95 >> Step 7 Smt wrong\par
97 >> Timer 7\par
99 >> Timer 8\par
101 >> Timer 9\par
104 >> Timer 10\par
106 >> Timer 1\par
109 >> Timer 2\par
109 seconds >> UAH: 0,08757579 BTC: 0,009694416 \par
111 >> Timer 3\par
113 >> Timer 4\par
115 >> Timer 5\par
118 >> Timer 6\par
120 >> Timer 7\par
122 >> Timer 8\par
124 >> Timer 9\par
127 >> Timer 10\par
129 >> Timer 1\par
132 >> Timer 2\par
132 seconds >> UAH: 0,08757579 BTC: 0,009694416 \par
134 >> Timer 3\par
136 >> Timer 4\par
138 >> Timer 5\par
141 >> Timer 6\par
143 >> Timer 7\par
145 >> Timer 8\par
147 >> Timer 9\par
149 >> Timer 10\par
152 >> Timer 1\par
155 >> Timer 2\par
155 seconds >> UAH: 0,08757579 BTC: 0,009694416 \par
158 >> Timer 3\par
160 >> Timer 4\par
162 >> Timer 5\par
164 >> Timer 6\par
166 >> Timer 7\par
168 >> Timer 8\par
170 >> Timer 9\par
173 >> Timer 10\par
176 >> Timer 1\par
179 >> Timer 2\par
179 seconds >> UAH: 0,08757579 BTC: 0,009694416 \par
182 >> Timer 3\par
184 >> Timer 4\par
186 >> Timer 5\par
188 >> Timer 6\par
188 seconds >> \'d3\'e4\'e0\'eb\'e5\'ed\'e0 \'f1\'f2\'e0\'f0\'e0\'ff \'f1\'e4\'e5\'eb\'ea\'e0 \'ed\'e0 \'ef\'f0\'ee\'e4\'e0\'e6\'f3: \{"status": true\} \par
188 seconds >> \'d1\'ee\'e7\'e4\'e0\'ed\'e0 \'e7\'e0\'ff\'e2\'ea\'e0 \'ed\'e0 \'ef\'f0\'ee\'e4\'e0\'e6\'f3: 5460998 289909\par
191 >> Timer 7\par
191 >> Step 7 Smt wrong\par
193 >> Timer 7\par
195 >> Timer 8\par
197 >> Timer 9\par
200 >> Timer 10\par
203 >> Timer 1\par
206 >> Timer 2\par
206 seconds >> UAH: 0,08757579 BTC: 0,009694413 \par
209 >> Timer 3\par
211 >> Timer 4\par
213 >> Timer 5\par
215 >> Timer 6\par
215 seconds >> \'d3\'e4\'e0\'eb\'e5\'ed\'e0 \'f1\'f2\'e0\'f0\'e0\'ff \'f1\'e4\'e5\'eb\'ea\'e0 \'ed\'e0 \'ef\'f0\'ee\'e4\'e0\'e6\'f3: \{"status": true\} \par
215 seconds >> \'d1\'ee\'e7\'e4\'e0\'ed\'e0 \'e7\'e0\'ff\'e2\'ea\'e0 \'ed\'e0 \'ef\'f0\'ee\'e4\'e0\'e6\'f3: 5461063 289907,9\par
218 >> Timer 7\par
218 >> Step 7 Smt wrong\par
220 >> Timer 7\par
222 >> Timer 8\par
224 >> Timer 9\par
227 >> Timer 10\par
230 >> Timer 1\par
233 >> Timer 2\par
233 seconds >> UAH: 0,08757579 BTC: 0,009694413 \par
236 >> Timer 3\par
238 >> Timer 4\par
240 >> Timer 5\par
242 >> Timer 6\par
244 >> Timer 7\par
246 >> Timer 8\par
248 >> Timer 9\par
251 >> Timer 10\par
254 >> Timer 1\par
257 >> Timer 2\par
257 seconds >> UAH: 0,08757579 BTC: 0,009694413 \par
260 >> Timer 3\par
262 >> Timer 4\par
264 >> Timer 5\par
264 >> Step 5 Smt wrong\par
266 >> Timer 5\par
266 >> Step 5 Smt wrong\par
268 >> Timer 5\par
270 >> Timer 6\par
270 seconds >> \'d3\'e4\'e0\'eb\'e5\'ed\'e0 \'f1\'f2\'e0\'f0\'e0\'ff \'f1\'e4\'e5\'eb\'ea\'e0 \'ed\'e0 \'ef\'f0\'ee\'e4\'e0\'e6\'f3: \{"status": true\} \par
270 seconds >> \'d1\'ee\'e7\'e4\'e0\'ed\'e0 \'e7\'e0\'ff\'e2\'ea\'e0 \'ed\'e0 \'ef\'f0\'ee\'e4\'e0\'e6\'f3: 5461086 289905,8\par
273 >> Timer 7\par
275 >> Timer 8\par
277 >> Timer 9\par
280 >> Timer 10\par
282 >> Timer 1\par
285 >> Timer 2\par
285 seconds >> UAH: 0,08757579 BTC: 0,00969441 \par
288 >> Timer 3\par
290 >> Timer 4\par
292 >> Timer 5\par
294 >> Timer 6\par
294 seconds >> \'d3\'e4\'e0\'eb\'e5\'ed\'e0 \'f1\'f2\'e0\'f0\'e0\'ff \'f1\'e4\'e5\'eb\'ea\'e0 \'ed\'e0 \'ef\'f0\'ee\'e4\'e0\'e6\'f3: \{"status": true\} \par
294 seconds >> \'d1\'ee\'e7\'e4\'e0\'ed\'e0 \'e7\'e0\'ff\'e2\'ea\'e0 \'ed\'e0 \'ef\'f0\'ee\'e4\'e0\'e6\'f3: 5461114 289904,8\par
297 >> Timer 7\par
299 >> Timer 8\par
301 >> Timer 9\par
304 >> Timer 10\par
307 >> Timer 1\par
310 >> Timer 2\par
310 seconds >> UAH: 0,08757579 BTC: 0,009694414 \par
313 >> Timer 3\par
315 >> Timer 4\par
317 >> Timer 5\par
317 >> Step 5 Smt wrong\par
319 >> Timer 5\par
321 >> Timer 6\par
321 seconds >> \'d3\'e4\'e0\'eb\'e5\'ed\'e0 \'f1\'f2\'e0\'f0\'e0\'ff \'f1\'e4\'e5\'eb\'ea\'e0 \'ed\'e0 \'ef\'f0\'ee\'e4\'e0\'e6\'f3: \{"status": true\} \par
321 seconds >> \'d1\'ee\'e7\'e4\'e0\'ed\'e0 \'e7\'e0\'ff\'e2\'ea\'e0 \'ed\'e0 \'ef\'f0\'ee\'e4\'e0\'e6\'f3: 5461124 289903,7\par
324 >> Timer 7\par
324 >> Step 7 Smt wrong\par
326 >> Timer 7\par
326 >> Step 7 Smt wrong\par
328 >> Timer 7\par
330 >> Timer 8\par
332 >> Timer 9\par
335 >> Timer 10\par
337 >> Timer 1\par
340 >> Timer 2\par
340 seconds >> UAH: 193,9034 BTC: 0,009694414 \par
343 >> Timer 3\par
345 >> Timer 4\par
347 >> Timer 5\par
347 >> Step 5 Smt wrong\par
349 >> Timer 5\par
351 >> Timer 6\par
351 seconds >> \'d3\'e4\'e0\'eb\'e5\'ed\'e0 \'f1\'f2\'e0\'f0\'e0\'ff \'f1\'e4\'e5\'eb\'ea\'e0 \'ed\'e0 \'ef\'f0\'ee\'e4\'e0\'e6\'f3: \{"status": true\} \par
351 seconds >> \'d1\'ee\'e7\'e4\'e0\'ed\'e0 \'e7\'e0\'ff\'e2\'ea\'e0 \'ed\'e0 \'ef\'f0\'ee\'e4\'e0\'e6\'f3: 5461138 286201,9\par
354 >> Timer 7\par
356 >> Timer 8\par
358 >> Step 9 Smt wrong\par
360 >> Step 9 Smt wrong\par
362 >> Step 9 Smt wrong\par
364 >> Step 9 Smt wrong\par
366 >> Step 9 Smt wrong\par
368 >> Step 9 Smt wrong\par
370 >> Step 9 Smt wrong\par
372 >> Step 9 Smt wrong\par
374 >> Step 9 Smt wrong\par
376 >> Step 9 Smt wrong\par
378 >> Step 9 Smt wrong\par
380 >> Step 9 Smt wrong\par
382 >> Step 9 Smt wrong\par
384 >> Step 9 Smt wrong\par
386 >> Step 9 Smt wrong\par
388 >> Step 9 Smt wrong\par
390 >> Step 9 Smt wrong\par
392 >> Step 9 Smt wrong\par
394 >> Step 9 Smt wrong\par
396 >> Step 9 Smt wrong\par
398 >> Step 9 Smt wrong\par
400 >> Step 9 Smt wrong\par
402 >> Step 9 Smt wrong\par
404 >> Step 9 Smt wrong\par
406 >> Step 9 Smt wrong\par
408 >> Step 9 Smt wrong\par
410 >> Step 9 Smt wrong\par
412 >> Step 9 Smt wrong\par
414 >> Step 9 Smt wrong\par
416 >> Step 9 Smt wrong\par
418 >> Step 9 Smt wrong\par
420 >> Step 9 Smt wrong\par
422 >> Step 9 Smt wrong\par
424 >> Step 9 Smt wrong\par
426 >> Step 9 Smt wrong\par
428 >> Step 9 Smt wrong\par
430 >> Step 9 Smt wrong\par
432 >> Step 9 Smt wrong\par
434 >> Step 9 Smt wrong\par
436 >> Step 9 Smt wrong\par
438 >> Step 9 Smt wrong\par
440 >> Step 9 Smt wrong\par
442 >> Step 9 Smt wrong\par
444 >> Step 9 Smt wrong\par
446 >> Step 9 Smt wrong\par
448 >> Step 9 Smt wrong\par
450 >> Step 9 Smt wrong\par
452 >> Step 9 Smt wrong\par
454 >> Step 9 Smt wrong\par
456 >> Step 9 Smt wrong\par
457 >> Step 9 Smt wrong\par
459 >> Step 9 Smt wrong\par
461 >> Step 9 Smt wrong\par
463 >> Step 9 Smt wrong\par
465 >> Step 9 Smt wrong\par
467 >> Step 9 Smt wrong\par
469 >> Step 9 Smt wrong\par
471 >> Step 9 Smt wrong\par
473 >> Step 9 Smt wrong\par
475 >> Step 9 Smt wrong\par
477 >> Step 9 Smt wrong\par
479 >> Step 9 Smt wrong\par
481 >> Step 9 Smt wrong\par
483 >> Step 9 Smt wrong\par
485 >> Step 9 Smt wrong\par
487 >> Step 9 Smt wrong\par
489 >> Step 9 Smt wrong\par
491 >> Step 9 Smt wrong\par
493 >> Step 9 Smt wrong\par
495 >> Step 9 Smt wrong\par
497 >> Step 9 Smt wrong\par
499 >> Step 9 Smt wrong\par
501 >> Step 9 Smt wrong\par
503 >> Step 9 Smt wrong\par
505 >> Step 9 Smt wrong\par
507 >> Step 9 Smt wrong\par
509 >> Step 9 Smt wrong\par
511 >> Step 9 Smt wrong\par
513 >> Step 9 Smt wrong\par
515 >> Step 9 Smt wrong\par
517 >> Step 9 Smt wrong\par
519 >> Step 9 Smt wrong\par
521 >> Step 9 Smt wrong\par
523 >> Step 9 Smt wrong\par
525 >> Step 9 Smt wrong\par
527 >> Step 9 Smt wrong\par
529 >> Step 9 Smt wrong\par
531 >> Step 9 Smt wrong\par
533 >> Step 9 Smt wrong\par
535 >> Step 9 Smt wrong\par
537 >> Step 9 Smt wrong\par
539 >> Step 9 Smt wrong\par
541 >> Step 9 Smt wrong\par
543 >> Step 9 Smt wrong\par
545 >> Step 9 Smt wrong\par
547 >> Step 9 Smt wrong\par
549 >> Step 9 Smt wrong\par
551 >> Step 9 Smt wrong\par
553 >> Step 9 Smt wrong\par
555 >> Step 9 Smt wrong\par
557 >> Step 9 Smt wrong\par
559 >> Step 9 Smt wrong\par
561 >> Step 9 Smt wrong\par
563 >> Step 9 Smt wrong\par
565 >> Step 9 Smt wrong\par
567 >> Step 9 Smt wrong\par
569 >> Step 9 Smt wrong\par
571 >> Step 9 Smt wrong\par
573 >> Step 9 Smt wrong\par
575 >> Step 9 Smt wrong\par
577 >> Step 9 Smt wrong\par
579 >> Step 9 Smt wrong\par
581 >> Step 9 Smt wrong\par
583 >> Step 9 Smt wrong\par
585 >> Step 9 Smt wrong\par
586 >> Step 9 Smt wrong\par
588 >> Step 9 Smt wrong\par
590 >> Step 9 Smt wrong\par
592 >> Step 9 Smt wrong\par
594 >> Step 9 Smt wrong\par
596 >> Step 9 Smt wrong\par
598 >> Step 9 Smt wrong\par
600 >> Step 9 Smt wrong\par
602 >> Step 9 Smt wrong\par
604 >> Step 9 Smt wrong\par
606 >> Step 9 Smt wrong\par
608 >> Step 9 Smt wrong\par
610 >> Step 9 Smt wrong\par
612 >> Step 9 Smt wrong\par
614 >> Step 9 Smt wrong\par
616 >> Step 9 Smt wrong\par
618 >> Step 9 Smt wrong\par
620 >> Step 9 Smt wrong\par
622 >> Step 9 Smt wrong\par
624 >> Step 9 Smt wrong\par
626 >> Step 9 Smt wrong\par
628 >> Step 9 Smt wrong\par
630 >> Step 9 Smt wrong\par
632 >> Step 9 Smt wrong\par
634 >> Step 9 Smt wrong\par
636 >> Step 9 Smt wrong\par
638 >> Step 9 Smt wrong\par
640 >> Step 9 Smt wrong\par
642 >> Step 9 Smt wrong\par
644 >> Step 9 Smt wrong\par
646 >> Step 9 Smt wrong\par
648 >> Step 9 Smt wrong\par
650 >> Step 9 Smt wrong\par
652 >> Step 9 Smt wrong\par
\par
}
 